Using pre-set license
Built from '2020.3/staging' branch; Version is '2020.3.18f1 (a7d1c678663c) revision 10998214'; Using compiler version '192528614'; Build Type 'Release'
OS: 'Windows 10 Home; OS build 22000.376; Version 2009; 64bit' Language: 'fr' Physical Memory: 3902 MB
BatchMode: 1, IsHumanControllingUs: 0, StartBugReporterOnCrash: 0, Is64bit: 1, IsPro: 0

COMMAND LINE ARGUMENTS:
D:\Programmes\2020.3.18f1\Editor\Unity.exe
-adb2
-batchMode
-noUpm
-name
AssetImportWorker3
-projectPath
D:/Documents/Cours3A/EHP-18-12
-logFile
Logs/AssetImportWorker3.log
-srvPort
58323
Successfully changed project path to: D:/Documents/Cours3A/EHP-18-12
D:/Documents/Cours3A/EHP-18-12
Using Asset Import Pipeline V2.
Refreshing native plugins compatible for Editor in 164.44 ms, found 3 plugins.
Preloading 0 native plugins for Editor in 0.00 ms.
Initialize engine version: 2020.3.18f1 (a7d1c678663c)
[Subsystems] Discovering subsystems at path D:/Programmes/2020.3.18f1/Editor/Data/Resources/UnitySubsystems
[Subsystems] Discovering subsystems at path D:/Documents/Cours3A/EHP-18-12/Assets
GfxDevice: creating device client; threaded=0
Direct3D:
    Version:  Direct3D 11.0 [level 11.1]
    Renderer: Intel(R) UHD Graphics 605 (ID=0x3184)
    Vendor:   
    VRAM:     1951 MB
    Driver:   23.20.16.4927
Initialize mono
Mono path[0] = 'D:/Programmes/2020.3.18f1/Editor/Data/Managed'
Mono path[1] = 'D:/Programmes/2020.3.18f1/Editor/Data/MonoBleedingEdge/lib/mono/unityjit'
Mono config path = 'D:/Programmes/2020.3.18f1/Editor/Data/MonoBleedingEdge/etc'
Using monoOptions --debugger-agent=transport=dt_socket,embedding=1,server=y,suspend=n,address=127.0.0.1:56944
Begin MonoManager ReloadAssembly
Registering precompiled unity dll's ...
Register platform support module: D:/Programmes/2020.3.18f1/Editor/Data/PlaybackEngines/WindowsStandaloneSupport/UnityEditor.WindowsStandalone.Extensions.dll
Registered in 0.002623 seconds.
Native extension for WindowsStandalone target not found
Refreshing native plugins compatible for Editor in 123.67 ms, found 3 plugins.
Preloading 0 native plugins for Editor in 0.00 ms.
Mono: successfully reloaded assembly
- Completed reload, in  3.614 seconds
Domain Reload Profiling:
	ReloadAssembly (3615ms)
		BeginReloadAssembly (131ms)
			ExecutionOrderSort (0ms)
			DisableScriptedObjects (0ms)
			BackupInstance (0ms)
			ReleaseScriptingObjects (0ms)
			CreateAndSetChildDomain (2ms)
		EndReloadAssembly (969ms)
			LoadAssemblies (128ms)
			RebuildTransferFunctionScriptingTraits (0ms)
			SetupTypeCache (361ms)
			ReleaseScriptCaches (0ms)
			RebuildScriptCaches (71ms)
			SetupLoadedEditorAssemblies (402ms)
				LogAssemblyErrors (0ms)
				InitializePlatformSupportModulesInManaged (8ms)
				SetLoadedEditorAssemblies (0ms)
				RefreshPlugins (124ms)
				BeforeProcessingInitializeOnLoad (26ms)
				ProcessInitializeOnLoadAttributes (178ms)
				ProcessInitializeOnLoadMethodAttributes (65ms)
				AfterProcessingInitializeOnLoad (0ms)
				EditorAssembliesLoaded (0ms)
			ExecutionOrderSort2 (0ms)
			AwakeInstancesAfterBackupRestoration (0ms)
Platform modules already initialized, skipping
Registering precompiled user dll's ...
Registered in 0.020867 seconds.
Begin MonoManager ReloadAssembly
Native extension for WindowsStandalone target not found
Refreshing native plugins compatible for Editor in 119.88 ms, found 3 plugins.
Preloading 0 native plugins for Editor in 0.00 ms.
Mono: successfully reloaded assembly
- Completed reload, in  6.461 seconds
Domain Reload Profiling:
	ReloadAssembly (6474ms)
		BeginReloadAssembly (347ms)
			ExecutionOrderSort (0ms)
			DisableScriptedObjects (11ms)
			BackupInstance (0ms)
			ReleaseScriptingObjects (0ms)
			CreateAndSetChildDomain (42ms)
		EndReloadAssembly (5980ms)
			LoadAssemblies (232ms)
			RebuildTransferFunctionScriptingTraits (0ms)
			SetupTypeCache (720ms)
			ReleaseScriptCaches (1ms)
			RebuildScriptCaches (119ms)
			SetupLoadedEditorAssemblies (4647ms)
				LogAssemblyErrors (0ms)
				InitializePlatformSupportModulesInManaged (8ms)
				SetLoadedEditorAssemblies (0ms)
				RefreshPlugins (120ms)
				BeforeProcessingInitializeOnLoad (199ms)
				ProcessInitializeOnLoadAttributes (2043ms)
				ProcessInitializeOnLoadMethodAttributes (2271ms)
				AfterProcessingInitializeOnLoad (6ms)
				EditorAssembliesLoaded (0ms)
			ExecutionOrderSort2 (0ms)
			AwakeInstancesAfterBackupRestoration (14ms)
Platform modules already initialized, skipping
========================================================================
Worker process is ready to serve import requests
Launched and connected shader compiler UnityShaderCompiler.exe after 0.34 seconds
Refreshing native plugins compatible for Editor in 1.48 ms, found 3 plugins.
Preloading 0 native plugins for Editor in 0.00 ms.
Unloading 2205 Unused Serialized files (Serialized files now loaded: 0)
System memory in use before: 97.8 MB.
System memory in use after: 97.8 MB.

Unloading 28 unused Assets to reduce memory usage. Loaded Objects now: 2639.
Total: 18.964400 ms (FindLiveObjects: 0.534500 ms CreateObjectMapping: 0.124800 ms MarkObjects: 16.958600 ms  DeleteObjects: 1.342700 ms)

AssetImportParameters requested are different than current active one (requested -> active):
  custom:framework-win-MediaFoundation: 216162199b28c13a410421893ffa2e32 -> 
  custom:video-decoder-ogg-theora: a1e56fd34408186e4bbccfd4996cb3dc -> 
  custom:container-muxer-webm: aa71ff27fc2769a1b78a27578f13a17b -> 
  custom:container-demuxer-webm: 4f35f7cbe854078d1ac9338744f61a02 -> 
  custom:container-demuxer-ogg: 62fdf1f143b41e24485cea50d1cbac27 -> 
  custom:video-encoder-webm-vp8: eb34c28f22e8b96e1ab97ce403110664 -> 
  custom:video-decoder-webm-vp8: 9c59270c3fd7afecdb556c50c9e8de78 -> 
  custom:audio-decoder-ogg-vorbis: bf7c407c2cedff20999df2af8eb42d56 -> 
  custom:audio-encoder-webm-vorbis: bf7c407c2cedff20999df2af8eb42d56 -> 
========================================================================
Received Import Request.
  path: Assets/Assets/Game GUI Vol1/LazyDay/PNG/Plus.png
  artifactKey: Guid(c8d539ab64074495eb2513d09bf5b3cf) Importer(815301076,1909f56bfc062723c751e8b465ee728b)
Start importing Assets/Assets/Game GUI Vol1/LazyDay/PNG/Plus.png using Guid(c8d539ab64074495eb2513d09bf5b3cf) Importer(815301076,1909f56bfc062723c751e8b465ee728b)  -> (artifact id: '3b29913fd44620f55658a3676424f99e') in 0.507079 seconds 
  Import took 0.529739 seconds .

========================================================================
Received Import Request.
  Time since last request: 0.001770 seconds.
  path: Assets/Assets/Game GUI Vol1/LazyDay/PNG/Shop.png
  artifactKey: Guid(36abed496fd744f97a71c25c6cd31f46) Importer(815301076,1909f56bfc062723c751e8b465ee728b)
Start importing Assets/Assets/Game GUI Vol1/LazyDay/PNG/Shop.png using Guid(36abed496fd744f97a71c25c6cd31f46) Importer(815301076,1909f56bfc062723c751e8b465ee728b)  -> (artifact id: '414dfe780292516da644e4659918f79a') in 0.054954 seconds 
  Import took 0.073404 seconds .

========================================================================
Received Import Request.
  Time since last request: 0.001659 seconds.
  path: Assets/Assets/Game GUI Vol1/LazyDay/PNG/SoundOFF.png
  artifactKey: Guid(a7e1e81117197488db394021a1b04920) Importer(815301076,1909f56bfc062723c751e8b465ee728b)
Start importing Assets/Assets/Game GUI Vol1/LazyDay/PNG/SoundOFF.png using Guid(a7e1e81117197488db394021a1b04920) Importer(815301076,1909f56bfc062723c751e8b465ee728b)  -> (artifact id: 'bdbc989f3231a82e988ef653cfea1584') in 0.073456 seconds 
  Import took 0.095995 seconds .

========================================================================
Received Import Request.
  Time since last request: 0.000658 seconds.
  path: Assets/Assets/Materials
  artifactKey: Guid(6db1a33837f9049ccae19509a5d98345) Importer(815301076,1909f56bfc062723c751e8b465ee728b)
Start importing Assets/Assets/Materials using Guid(6db1a33837f9049ccae19509a5d98345) Importer(815301076,1909f56bfc062723c751e8b465ee728b)  -> (artifact id: '635a8793fde24ec2e044fc15bbcb7ed2') in 0.017896 seconds 
  Import took 0.027666 seconds .

========================================================================
Received Import Request.
  Time since last request: 0.001823 seconds.
  path: Assets/Assets/Game GUI Vol1/LazyDay/PNG/Trophy.png
  artifactKey: Guid(0589d3eb4e6ef4d269663222f1a92efa) Importer(815301076,1909f56bfc062723c751e8b465ee728b)
Start importing Assets/Assets/Game GUI Vol1/LazyDay/PNG/Trophy.png using Guid(0589d3eb4e6ef4d269663222f1a92efa) Importer(815301076,1909f56bfc062723c751e8b465ee728b)  -> (artifact id: '22bd91a076783cbb0846fe078d95647d') in 0.058258 seconds 
  Import took 0.067396 seconds .

========================================================================
Received Import Request.
  Time since last request: 0.000499 seconds.
  path: Assets/Assets
  artifactKey: Guid(a86d172f8616b42cc9b1bd1e8e08d85b) Importer(815301076,1909f56bfc062723c751e8b465ee728b)
Start importing Assets/Assets using Guid(a86d172f8616b42cc9b1bd1e8e08d85b) Importer(815301076,1909f56bfc062723c751e8b465ee728b)  -> (artifact id: 'c2ded312252bb762793dcc3e166289b5') in 0.021710 seconds 
  Import took 0.031264 seconds .

========================================================================
Received Import Request.
  Time since last request: 0.000399 seconds.
  path: Assets/Assets/Game GUI Vol1/LazyDay/PNG/LeftArrow2.png
  artifactKey: Guid(5cf7cc585e72f4a4f9589d76a3a891f0) Importer(815301076,1909f56bfc062723c751e8b465ee728b)
Start importing Assets/Assets/Game GUI Vol1/LazyDay/PNG/LeftArrow2.png using Guid(5cf7cc585e72f4a4f9589d76a3a891f0) Importer(815301076,1909f56bfc062723c751e8b465ee728b)  -> (artifact id: 'bc263b2c2f976b660218796af620e49a') in 0.070376 seconds 
  Import took 0.083359 seconds .

========================================================================
Received Import Request.
  Time since last request: 0.001313 seconds.
  path: Assets/Assets/Game GUI Vol1/LazyDay/PNG/Pause.png
  artifactKey: Guid(ff645a4c999a14801b1a714a2087338a) Importer(815301076,1909f56bfc062723c751e8b465ee728b)
Start importing Assets/Assets/Game GUI Vol1/LazyDay/PNG/Pause.png using Guid(ff645a4c999a14801b1a714a2087338a) Importer(815301076,1909f56bfc062723c751e8b465ee728b)  -> (artifact id: '3dc5a19fc203d55609926de8d51ba4d1') in 0.047849 seconds 
  Import took 0.058399 seconds .

========================================================================
Received Import Request.
  Time since last request: 0.000426 seconds.
  path: Assets/Assets/Cards
  artifactKey: Guid(4467e3967309cb547bf3bf5949661f54) Importer(815301076,1909f56bfc062723c751e8b465ee728b)
Start importing Assets/Assets/Cards using Guid(4467e3967309cb547bf3bf5949661f54) Importer(815301076,1909f56bfc062723c751e8b465ee728b)  -> (artifact id: '645ca5452c65111f9b185817307cb3b9') in 0.015770 seconds 
  Import took 0.023395 seconds .

========================================================================
Received Import Request.
  Time since last request: 0.000553 seconds.
  path: Assets/Assets/Player.gif
  artifactKey: Guid(bcb89a30f8d354a5f8118585820de6b1) Importer(815301076,1909f56bfc062723c751e8b465ee728b)
Start importing Assets/Assets/Player.gif using Guid(bcb89a30f8d354a5f8118585820de6b1) Importer(815301076,1909f56bfc062723c751e8b465ee728b)  -> (artifact id: '2061be09e59b588e37b665974efd5c63') in 0.067416 seconds 
  Import took 0.074912 seconds .

========================================================================
Received Import Request.
  Time since last request: 0.000415 seconds.
  path: Assets/Assets/The Chaos of Falling Leaves.mp3
  artifactKey: Guid(a6bb7d657d0df954e90acc929af7ce04) Importer(815301076,1909f56bfc062723c751e8b465ee728b)
Start importing Assets/Assets/The Chaos of Falling Leaves.mp3 using Guid(a6bb7d657d0df954e90acc929af7ce04) Importer(815301076,1909f56bfc062723c751e8b465ee728b)  -> (artifact id: 'a7b3728a7ee1b8d7ed5f3ee5776d387b') in 0.164461 seconds 
  Import took 0.175803 seconds .

========================================================================
Received Import Request.
  Time since last request: 0.000401 seconds.
  path: Assets/Assets/Game GUI Vol1/LazyDay/PNG/UpArrow.png
  artifactKey: Guid(3629ce294ae2640b6a8137de2adde913) Importer(815301076,1909f56bfc062723c751e8b465ee728b)
Start importing Assets/Assets/Game GUI Vol1/LazyDay/PNG/UpArrow.png using Guid(3629ce294ae2640b6a8137de2adde913) Importer(815301076,1909f56bfc062723c751e8b465ee728b)  -> (artifact id: '1bcc04a532e39fc84d88a7e4c24abdda') in 0.048262 seconds 
  Import took 0.057995 seconds .

========================================================================
Received Import Request.
  Time since last request: 0.000386 seconds.
  path: Assets/Assets/frame0000.png
  artifactKey: Guid(a79ecdbe92b4d5845960c3e7ee95a332) Importer(815301076,1909f56bfc062723c751e8b465ee728b)
Start importing Assets/Assets/frame0000.png using Guid(a79ecdbe92b4d5845960c3e7ee95a332) Importer(815301076,1909f56bfc062723c751e8b465ee728b)  -> (artifact id: 'eaaf81a3da462e6eb3d8e3c783a79c86') in 0.083516 seconds 
  Import took 0.095840 seconds .

========================================================================
Received Import Request.
  Time since last request: 0.001552 seconds.
  path: Assets/Assets/Game GUI Vol1/LazyDay/PNG/Settings.png
  artifactKey: Guid(25c2d239600db471aabc8ffa640bc0ae) Importer(815301076,1909f56bfc062723c751e8b465ee728b)
Start importing Assets/Assets/Game GUI Vol1/LazyDay/PNG/Settings.png using Guid(25c2d239600db471aabc8ffa640bc0ae) Importer(815301076,1909f56bfc062723c751e8b465ee728b)  -> (artifact id: 'acae6802fb012eea87d03abe36de7779') in 0.058496 seconds 
  Import took 0.067986 seconds .

========================================================================
Received Import Request.
  Time since last request: 0.001376 seconds.
  path: Assets/Assets/Game GUI Vol1/LazyDay/PNG/Restart.png
  artifactKey: Guid(111d4f982ceb3429b821a87e5f3cc18a) Importer(815301076,1909f56bfc062723c751e8b465ee728b)
Start importing Assets/Assets/Game GUI Vol1/LazyDay/PNG/Restart.png using Guid(111d4f982ceb3429b821a87e5f3cc18a) Importer(815301076,1909f56bfc062723c751e8b465ee728b)  -> (artifact id: 'caa00437fbbf2f7368ea0875ec367692') in 0.098411 seconds 
  Import took 0.109152 seconds .

========================================================================
Received Import Request.
  Time since last request: 0.000462 seconds.
  path: Assets/Assets/Game GUI Vol1/LazyDay/PNG/DownArrow.png
  artifactKey: Guid(4801c2af70dac4feebcefbb3e2f66fd7) Importer(815301076,1909f56bfc062723c751e8b465ee728b)
Start importing Assets/Assets/Game GUI Vol1/LazyDay/PNG/DownArrow.png using Guid(4801c2af70dac4feebcefbb3e2f66fd7) Importer(815301076,1909f56bfc062723c751e8b465ee728b)  -> (artifact id: 'a63f5a92c605276350c09b2a4315a746') in 0.051231 seconds 
  Import took 0.060051 seconds .

========================================================================
Received Import Request.
  Time since last request: 0.000407 seconds.
  path: Assets/Assets/Game GUI Vol1/LazyDay/Vector/LazyDay.ai
  artifactKey: Guid(130c49e8c161548878f3ae7d36b48213) Importer(815301076,1909f56bfc062723c751e8b465ee728b)
Start importing Assets/Assets/Game GUI Vol1/LazyDay/Vector/LazyDay.ai using Guid(130c49e8c161548878f3ae7d36b48213) Importer(815301076,1909f56bfc062723c751e8b465ee728b)  -> (artifact id: '7ff095a00043cebbdc43e4a524329671') in 0.030804 seconds 
  Import took 0.040744 seconds .

========================================================================
Received Import Request.
  Time since last request: 0.000472 seconds.
  path: Assets/Assets/Game GUI Vol1/LazyDay/PNG/Minus.png
  artifactKey: Guid(7b3ddb33100024118b0f6b51cbb6e7c4) Importer(815301076,1909f56bfc062723c751e8b465ee728b)
Start importing Assets/Assets/Game GUI Vol1/LazyDay/PNG/Minus.png using Guid(7b3ddb33100024118b0f6b51cbb6e7c4) Importer(815301076,1909f56bfc062723c751e8b465ee728b)  -> (artifact id: '66711e17d4d705b01d418004b61e2961') in 0.086726 seconds 
  Import took 0.098506 seconds .

========================================================================
Received Import Request.
  Time since last request: 0.000491 seconds.
  path: Assets/Assets/Game GUI Vol1/LazyDay/PNG/RightArrow2.png
  artifactKey: Guid(158d9e70551a94b70b0ef8b0ff7e3183) Importer(815301076,1909f56bfc062723c751e8b465ee728b)
Start importing Assets/Assets/Game GUI Vol1/LazyDay/PNG/RightArrow2.png using Guid(158d9e70551a94b70b0ef8b0ff7e3183) Importer(815301076,1909f56bfc062723c751e8b465ee728b)  -> (artifact id: '95abe19117353ac17258ff172bea779a') in 0.050354 seconds 
  Import took 0.058160 seconds .

========================================================================
Received Import Request.
  Time since last request: 0.000534 seconds.
  path: Assets/Assets/Sound_correct.wav
  artifactKey: Guid(c2149a80666f4844fafc36f5eda0a3d5) Importer(815301076,1909f56bfc062723c751e8b465ee728b)
Start importing Assets/Assets/Sound_correct.wav using Guid(c2149a80666f4844fafc36f5eda0a3d5) Importer(815301076,1909f56bfc062723c751e8b465ee728b)  -> (artifact id: '433721a35e648eb4a2e6b9213df5aacd') in 0.056354 seconds 
  Import took 0.065202 seconds .

========================================================================
Received Import Request.
  Time since last request: 0.000450 seconds.
  path: Assets/Assets/Backgrounds
  artifactKey: Guid(9651cc57c7e90634d91a1fccd110638b) Importer(815301076,1909f56bfc062723c751e8b465ee728b)
Start importing Assets/Assets/Backgrounds using Guid(9651cc57c7e90634d91a1fccd110638b) Importer(815301076,1909f56bfc062723c751e8b465ee728b)  -> (artifact id: 'd2c607ddcb593cfad9d4952158df662e') in 0.023798 seconds 
  Import took 0.032540 seconds .

========================================================================
Received Import Request.
  Time since last request: 0.000407 seconds.
  path: Assets/Assets/Game GUI Vol1/LazyDay/PNG/Gamecenter.png
  artifactKey: Guid(e854657a70607456195b05e45d4ed4b5) Importer(815301076,1909f56bfc062723c751e8b465ee728b)
Start importing Assets/Assets/Game GUI Vol1/LazyDay/PNG/Gamecenter.png using Guid(e854657a70607456195b05e45d4ed4b5) Importer(815301076,1909f56bfc062723c751e8b465ee728b)  -> (artifact id: '2facc13793a3be0053c1937f4ad41c27') in 0.073058 seconds 
  Import took 0.081848 seconds .

========================================================================
Received Import Request.
  Time since last request: 0.000427 seconds.
  path: Assets/Assets/Game GUI Vol1/LazyDay/Vector
  artifactKey: Guid(11f160b02b49b4e60ad16abcf078bdf4) Importer(815301076,1909f56bfc062723c751e8b465ee728b)
Start importing Assets/Assets/Game GUI Vol1/LazyDay/Vector using Guid(11f160b02b49b4e60ad16abcf078bdf4) Importer(815301076,1909f56bfc062723c751e8b465ee728b)  -> (artifact id: '6b93bf71310108dcaa0eb1bcd6be1481') in 0.024827 seconds 
  Import took 0.035791 seconds .

========================================================================
Received Import Request.
  Time since last request: 0.001121 seconds.
  path: Assets/Assets/Game GUI Vol1/LazyDay/PNG/Play.png
  artifactKey: Guid(fc3341b3f1dac464baa311991f5499e0) Importer(815301076,1909f56bfc062723c751e8b465ee728b)
Start importing Assets/Assets/Game GUI Vol1/LazyDay/PNG/Play.png using Guid(fc3341b3f1dac464baa311991f5499e0) Importer(815301076,1909f56bfc062723c751e8b465ee728b)  -> (artifact id: 'ddaf32265464945b6bd45033b0def87f') in 0.052027 seconds 
  Import took 0.063622 seconds .

========================================================================
Received Import Request.
  Time since last request: 0.000557 seconds.
  path: Assets/Assets/frame0001.png
  artifactKey: Guid(4c30d50c6b1a25d46a6b48f11c3d6c54) Importer(815301076,1909f56bfc062723c751e8b465ee728b)
Start importing Assets/Assets/frame0001.png using Guid(4c30d50c6b1a25d46a6b48f11c3d6c54) Importer(815301076,1909f56bfc062723c751e8b465ee728b)  -> (artifact id: 'afba2e9d2c15ff3104921d8d8f829923') in 0.068273 seconds 
  Import took 0.079213 seconds .

========================================================================
Received Import Request.
  Time since last request: 0.000574 seconds.
  path: Assets/Assets/Game GUI Vol1/LazyDay/PNG/Info.png
  artifactKey: Guid(b7ceebf6d34824b7f844e3bbd52315d9) Importer(815301076,1909f56bfc062723c751e8b465ee728b)
Start importing Assets/Assets/Game GUI Vol1/LazyDay/PNG/Info.png using Guid(b7ceebf6d34824b7f844e3bbd52315d9) Importer(815301076,1909f56bfc062723c751e8b465ee728b)  -> (artifact id: '97093fedf6ccbc7b53f562e385ab3f1f') in 0.050005 seconds 
  Import took 0.058869 seconds .

========================================================================
Received Import Request.
  Time since last request: 0.000399 seconds.
  path: Assets/Assets/Game GUI Vol1/LazyDay/PNG/Star.png
  artifactKey: Guid(48ef7593f17504acea11af90fd3e4d92) Importer(815301076,1909f56bfc062723c751e8b465ee728b)
Start importing Assets/Assets/Game GUI Vol1/LazyDay/PNG/Star.png using Guid(48ef7593f17504acea11af90fd3e4d92) Importer(815301076,1909f56bfc062723c751e8b465ee728b)  -> (artifact id: '3d01ffd52c8b787422d2a596ef283b1b') in 0.064284 seconds 
  Import took 0.073474 seconds .

========================================================================
Received Import Request.
  Time since last request: 0.000413 seconds.
  path: Assets/Assets/Game GUI Vol1/LazyDay/Sprites
  artifactKey: Guid(5ba868263038b4961a825e61460477fb) Importer(815301076,1909f56bfc062723c751e8b465ee728b)
Start importing Assets/Assets/Game GUI Vol1/LazyDay/Sprites using Guid(5ba868263038b4961a825e61460477fb) Importer(815301076,1909f56bfc062723c751e8b465ee728b)  -> (artifact id: 'e94bc1cb3ad5d7ef31577b64ee5806f9') in 0.033907 seconds 
  Import took 0.051687 seconds .

========================================================================
Received Import Request.
  Time since last request: 0.000920 seconds.
  path: Assets/Assets/coin.png
  artifactKey: Guid(b1d84ab6f81674aeeaa9d2625e713282) Importer(815301076,1909f56bfc062723c751e8b465ee728b)
Start importing Assets/Assets/coin.png using Guid(b1d84ab6f81674aeeaa9d2625e713282) Importer(815301076,1909f56bfc062723c751e8b465ee728b)  -> (artifact id: 'a2ec8c14d3d49f56572e26d5940e4144') in 0.135759 seconds 
  Import took 0.152324 seconds .

========================================================================
Received Import Request.
  Time since last request: 0.000378 seconds.
  path: Assets/Assets/Game GUI Vol1/LazyDay/PNG/Facebook.png
  artifactKey: Guid(f8fbcce33e10b4672b9cf19e5310a455) Importer(815301076,1909f56bfc062723c751e8b465ee728b)
Start importing Assets/Assets/Game GUI Vol1/LazyDay/PNG/Facebook.png using Guid(f8fbcce33e10b4672b9cf19e5310a455) Importer(815301076,1909f56bfc062723c751e8b465ee728b)  -> (artifact id: 'c6bde0ba73d828a475c9be24a61c7d49') in 0.066159 seconds 
  Import took 0.074802 seconds .

========================================================================
Received Import Request.
  Time since last request: 0.000400 seconds.
  path: Assets/Assets/Game GUI Vol1/LazyDay/Sprites/LazyDayBG-resized.png
  artifactKey: Guid(e172132fe1d2244be9ab527153041e5a) Importer(815301076,1909f56bfc062723c751e8b465ee728b)
Start importing Assets/Assets/Game GUI Vol1/LazyDay/Sprites/LazyDayBG-resized.png using Guid(e172132fe1d2244be9ab527153041e5a) Importer(815301076,1909f56bfc062723c751e8b465ee728b)  -> (artifact id: '5b62f0c86b5efb15b5f5594a04b1bf17') in 0.099851 seconds 
  Import took 0.116667 seconds .

========================================================================
Received Import Request.
  Time since last request: 0.000445 seconds.
  path: Assets/ObjectBackground
  artifactKey: Guid(ce304c5701b488c41a06fd8f633f6e20) Importer(815301076,1909f56bfc062723c751e8b465ee728b)
Start importing Assets/ObjectBackground using Guid(ce304c5701b488c41a06fd8f633f6e20) Importer(815301076,1909f56bfc062723c751e8b465ee728b)  -> (artifact id: '252bd5d508c05910310c818faab45a68') in 0.015091 seconds 
  Import took 0.024656 seconds .

========================================================================
Received Import Request.
  Time since last request: 0.000374 seconds.
  path: Assets/Assets/Game GUI Vol1/LazyDay/PNG/GooglePlus.png
  artifactKey: Guid(b05742cfb10a34ccb8bfd16f85676a04) Importer(815301076,1909f56bfc062723c751e8b465ee728b)
Start importing Assets/Assets/Game GUI Vol1/LazyDay/PNG/GooglePlus.png using Guid(b05742cfb10a34ccb8bfd16f85676a04) Importer(815301076,1909f56bfc062723c751e8b465ee728b)  -> (artifact id: '3d8b769f6c7df6a5b28f1f6355151807') in 0.068050 seconds 
  Import took 0.076246 seconds .

========================================================================
Received Import Request.
  Time since last request: 0.001957 seconds.
  path: Assets/Assets/Materials/Player.mat
  artifactKey: Guid(8d04544adf65f42bfa9cd59b05b26645) Importer(815301076,1909f56bfc062723c751e8b465ee728b)
Start importing Assets/Assets/Materials/Player.mat using Guid(8d04544adf65f42bfa9cd59b05b26645) Importer(815301076,1909f56bfc062723c751e8b465ee728b)  -> (artifact id: 'aa89755e5953c310458a6ddd6ff06ae6') in 0.799168 seconds 
  Import took 0.823041 seconds .

========================================================================
Received Import Request.
  Time since last request: 0.000442 seconds.
  path: Assets/Assets/Backgrounds/modern-glass-skyscraper-background-with-sky-clouds-reflection_231208-6842.jpg
  artifactKey: Guid(85b32f8c6f8163a48930f5b19c522905) Importer(815301076,1909f56bfc062723c751e8b465ee728b)
Start importing Assets/Assets/Backgrounds/modern-glass-skyscraper-background-with-sky-clouds-reflection_231208-6842.jpg using Guid(85b32f8c6f8163a48930f5b19c522905) Importer(815301076,1909f56bfc062723c751e8b465ee728b)  -> (artifact id: '55644ae5a605ca13a013a3d5d0e3d9c6') in 0.075683 seconds 
  Import took 0.087489 seconds .

========================================================================
Received Import Request.
  Time since last request: 0.000549 seconds.
  path: Assets/Assets/Game GUI Vol1/LazyDay
  artifactKey: Guid(25fefd08f02e9412ea797d6eaae90d6d) Importer(815301076,1909f56bfc062723c751e8b465ee728b)
Start importing Assets/Assets/Game GUI Vol1/LazyDay using Guid(25fefd08f02e9412ea797d6eaae90d6d) Importer(815301076,1909f56bfc062723c751e8b465ee728b)  -> (artifact id: '8bfa112ca3e4c379297cd2e206be9cf0') in 0.006112 seconds 
  Import took 0.017316 seconds .

========================================================================
Received Import Request.
  Time since last request: 0.000483 seconds.
  path: Assets/Assets/Materials/istockphoto-488717218-170667a.mat
  artifactKey: Guid(2d266019bd4ed4a04a077ef3e3339abe) Importer(815301076,1909f56bfc062723c751e8b465ee728b)
Start importing Assets/Assets/Materials/istockphoto-488717218-170667a.mat using Guid(2d266019bd4ed4a04a077ef3e3339abe) Importer(815301076,1909f56bfc062723c751e8b465ee728b)  -> (artifact id: '5763801e0bd8a79fa89e509b7e43338a') in 0.070141 seconds 
  Import took 0.081360 seconds .

========================================================================
Received Import Request.
  Time since last request: 0.000438 seconds.
  path: Assets/Assets/Game GUI Vol1/LazyDay/PNG/QuestionMark.png
  artifactKey: Guid(30f5dccc2573c4d85a74ad0aa5c40f20) Importer(815301076,1909f56bfc062723c751e8b465ee728b)
Start importing Assets/Assets/Game GUI Vol1/LazyDay/PNG/QuestionMark.png using Guid(30f5dccc2573c4d85a74ad0aa5c40f20) Importer(815301076,1909f56bfc062723c751e8b465ee728b)  -> (artifact id: '74797ac7a5d5b4432838efa84bbbb699') in 0.142646 seconds 
  Import took 0.153522 seconds .

========================================================================
Received Import Request.
  Time since last request: 0.000382 seconds.
  path: Assets/Assets/Game GUI Vol1/LazyDay/PNG/SoundON.png
  artifactKey: Guid(493fd7d0e626d4db091f50928058f0b8) Importer(815301076,1909f56bfc062723c751e8b465ee728b)
Start importing Assets/Assets/Game GUI Vol1/LazyDay/PNG/SoundON.png using Guid(493fd7d0e626d4db091f50928058f0b8) Importer(815301076,1909f56bfc062723c751e8b465ee728b)  -> (artifact id: '577cd5a265048d7b510a4ccd91641269') in 0.062330 seconds 
  Import took 0.069686 seconds .

========================================================================
Received Import Request.
  Time since last request: 0.000351 seconds.
  path: Assets/Assets/Game GUI Vol1/LazyDay/PNG/Backward.png
  artifactKey: Guid(64a5151e5a4ed4c8b9a85b7e853e6d2f) Importer(815301076,1909f56bfc062723c751e8b465ee728b)
Start importing Assets/Assets/Game GUI Vol1/LazyDay/PNG/Backward.png using Guid(64a5151e5a4ed4c8b9a85b7e853e6d2f) Importer(815301076,1909f56bfc062723c751e8b465ee728b)  -> (artifact id: '201e2974a2e09e330f7e284d6423090b') in 0.070635 seconds 
  Import took 0.090253 seconds .

========================================================================
Received Import Request.
  Time since last request: 0.000355 seconds.
  path: Assets/Assets/Game GUI Vol1/LazyDay/PNG/Email.png
  artifactKey: Guid(1157603c9e47a409b9a75b91ff561c00) Importer(815301076,1909f56bfc062723c751e8b465ee728b)
Start importing Assets/Assets/Game GUI Vol1/LazyDay/PNG/Email.png using Guid(1157603c9e47a409b9a75b91ff561c00) Importer(815301076,1909f56bfc062723c751e8b465ee728b)  -> (artifact id: 'dbf0eea450351626d783d9ce0ac8eb7a') in 0.052395 seconds 
  Import took 0.058533 seconds .

========================================================================
Received Import Request.
  Time since last request: 0.000449 seconds.
  path: Assets/Assets/Game GUI Vol1/LazyDay/PNG/LeftArrow.png
  artifactKey: Guid(ce35983827a13452393a9e18298f9474) Importer(815301076,1909f56bfc062723c751e8b465ee728b)
Start importing Assets/Assets/Game GUI Vol1/LazyDay/PNG/LeftArrow.png using Guid(ce35983827a13452393a9e18298f9474) Importer(815301076,1909f56bfc062723c751e8b465ee728b)  -> (artifact id: '21b2cb578b1e5ca8e13899fa97275ee9') in 0.089521 seconds 
  Import took 0.098258 seconds .

========================================================================
Received Import Request.
  Time since last request: 0.000386 seconds.
  path: Assets/Assets/Sound_coins.wav
  artifactKey: Guid(1712a2265adb46246a1b9b18f44c2e2e) Importer(815301076,1909f56bfc062723c751e8b465ee728b)
Start importing Assets/Assets/Sound_coins.wav using Guid(1712a2265adb46246a1b9b18f44c2e2e) Importer(815301076,1909f56bfc062723c751e8b465ee728b)  -> (artifact id: '8f0096d2534273500b41b8dd2df33d79') in 0.039056 seconds 
  Import took 0.051997 seconds .

========================================================================
Received Import Request.
  Time since last request: 0.000458 seconds.
  path: Assets/Assets/Game GUI Vol1/LazyDay/PNG/Home.png
  artifactKey: Guid(f7b138e135c0a45f18d51a95098940e6) Importer(815301076,1909f56bfc062723c751e8b465ee728b)
Start importing Assets/Assets/Game GUI Vol1/LazyDay/PNG/Home.png using Guid(f7b138e135c0a45f18d51a95098940e6) Importer(815301076,1909f56bfc062723c751e8b465ee728b)  -> (artifact id: '76dce7b2b075cd00582bbaa6e7f7934e') in 0.092382 seconds 
  Import took 0.103514 seconds .

========================================================================
Received Import Request.
  Time since last request: 0.000421 seconds.
  path: Assets/Assets/Game GUI Vol1/LazyDay/PNG/Twitter.png
  artifactKey: Guid(d6c546384b9de45718bfa37ad8251d25) Importer(815301076,1909f56bfc062723c751e8b465ee728b)
Start importing Assets/Assets/Game GUI Vol1/LazyDay/PNG/Twitter.png using Guid(d6c546384b9de45718bfa37ad8251d25) Importer(815301076,1909f56bfc062723c751e8b465ee728b)  -> (artifact id: '04e96c2c6a8ff6c298dcfa9ec0690624') in 0.054478 seconds 
  Import took 0.063685 seconds .

========================================================================
Received Import Request.
  Time since last request: 0.000656 seconds.
  path: Assets/Assets/Game GUI Vol1/LazyDay/PNG
  artifactKey: Guid(566e6e8c9f36d4f35993f7f2303858cc) Importer(815301076,1909f56bfc062723c751e8b465ee728b)
Start importing Assets/Assets/Game GUI Vol1/LazyDay/PNG using Guid(566e6e8c9f36d4f35993f7f2303858cc) Importer(815301076,1909f56bfc062723c751e8b465ee728b)  -> (artifact id: 'ef73497c1af90858ae93c05e4117faf5') in 0.039823 seconds 
  Import took 0.060197 seconds .

========================================================================
Received Import Request.
  Time since last request: 0.001025 seconds.
  path: Assets/Assets/Game GUI Vol1/LazyDay/PNG/RightArrow.png
  artifactKey: Guid(5e6fc93512f454c59be69ecc14788186) Importer(815301076,1909f56bfc062723c751e8b465ee728b)
Start importing Assets/Assets/Game GUI Vol1/LazyDay/PNG/RightArrow.png using Guid(5e6fc93512f454c59be69ecc14788186) Importer(815301076,1909f56bfc062723c751e8b465ee728b)  -> (artifact id: '1facb9f273925de2863f253a7484f283') in 0.101744 seconds 
  Import took 0.128735 seconds .

========================================================================
Received Import Request.
  Time since last request: 0.000376 seconds.
  path: Assets/Assets/GIF.gif
  artifactKey: Guid(4712786d78fd74c29b59b09579d71cdf) Importer(815301076,1909f56bfc062723c751e8b465ee728b)
Start importing Assets/Assets/GIF.gif using Guid(4712786d78fd74c29b59b09579d71cdf) Importer(815301076,1909f56bfc062723c751e8b465ee728b)  -> (artifact id: '881e172e8b9f6fbae18dc3ca7d9826ca') in 0.049734 seconds 
  Import took 0.066308 seconds .

========================================================================
Received Import Request.
  Time since last request: 0.000637 seconds.
  path: Assets/Assets/Game GUI Vol1/LazyDay/PNG/Cancel.png
  artifactKey: Guid(1c8431185995a43f4a7544bcb872b5db) Importer(815301076,1909f56bfc062723c751e8b465ee728b)
Start importing Assets/Assets/Game GUI Vol1/LazyDay/PNG/Cancel.png using Guid(1c8431185995a43f4a7544bcb872b5db) Importer(815301076,1909f56bfc062723c751e8b465ee728b)  -> (artifact id: '7a0bd155d5409551f163bb87e9685442') in 0.095211 seconds 
  Import took 0.107550 seconds .

========================================================================
Received Import Request.
  Time since last request: 0.001183 seconds.
  path: Assets/Assets/Game GUI Vol1/LazyDay/PNG/Dollar.png
  artifactKey: Guid(5e32ac25d1d1749bd8ad276098500aa1) Importer(815301076,1909f56bfc062723c751e8b465ee728b)
Start importing Assets/Assets/Game GUI Vol1/LazyDay/PNG/Dollar.png using Guid(5e32ac25d1d1749bd8ad276098500aa1) Importer(815301076,1909f56bfc062723c751e8b465ee728b)  -> (artifact id: '7628c7f291af3b0fb196c3944d9f2ff4') in 0.051814 seconds 
  Import took 0.059526 seconds .

========================================================================
Received Import Request.
  Time since last request: 0.000413 seconds.
  path: Assets/Assets/Game GUI Vol1/LazyDay/PNG/Forward.png
  artifactKey: Guid(2cb44f2ba74d44feaa8292079e48c93d) Importer(815301076,1909f56bfc062723c751e8b465ee728b)
Start importing Assets/Assets/Game GUI Vol1/LazyDay/PNG/Forward.png using Guid(2cb44f2ba74d44feaa8292079e48c93d) Importer(815301076,1909f56bfc062723c751e8b465ee728b)  -> (artifact id: 'defb0fb80db364b36627b8411327eff4') in 0.063643 seconds 
  Import took 0.072706 seconds .

========================================================================
Received Import Request.
  Time since last request: 0.000411 seconds.
  path: Assets/Assets/Sound_wrong.wav
  artifactKey: Guid(6d13ecc74533c414eaec1144e092113a) Importer(815301076,1909f56bfc062723c751e8b465ee728b)
Start importing Assets/Assets/Sound_wrong.wav using Guid(6d13ecc74533c414eaec1144e092113a) Importer(815301076,1909f56bfc062723c751e8b465ee728b)  -> (artifact id: '11b29f228b65c67fad3861db619fc466') in 0.069132 seconds 
  Import took 0.080891 seconds .

========================================================================
Received Import Request.
  Time since last request: 0.000509 seconds.
  path: Assets/Assets/Game GUI Vol1/LazyDay/PNG/Menu.png
  artifactKey: Guid(b3e86ce34507f4309b0dba14987a34d0) Importer(815301076,1909f56bfc062723c751e8b465ee728b)
Start importing Assets/Assets/Game GUI Vol1/LazyDay/PNG/Menu.png using Guid(b3e86ce34507f4309b0dba14987a34d0) Importer(815301076,1909f56bfc062723c751e8b465ee728b)  -> (artifact id: 'c1d2d31c65a321be649d70f703c6e4bd') in 0.090940 seconds 
  Import took 0.105294 seconds .

========================================================================
Received Import Request.
  Time since last request: 0.001561 seconds.
  path: Assets/Assets/Scenes
  artifactKey: Guid(4602808a720e74f1085937c56b622fc5) Importer(815301076,1909f56bfc062723c751e8b465ee728b)
Start importing Assets/Assets/Scenes using Guid(4602808a720e74f1085937c56b622fc5) Importer(815301076,1909f56bfc062723c751e8b465ee728b)  -> (artifact id: '0fb0349f16a04fa1b3a8e86515651245') in 0.032564 seconds 
  Import took 0.055624 seconds .

========================================================================
Received Import Request.
  Time since last request: 102.858043 seconds.
  path: Assets/Assets/SpeachBubble.png
  artifactKey: Guid(aa64d53cccb6af54fb32e9b465d3b7d9) Importer(815301076,1909f56bfc062723c751e8b465ee728b)
Start importing Assets/Assets/SpeachBubble.png using Guid(aa64d53cccb6af54fb32e9b465d3b7d9) Importer(815301076,1909f56bfc062723c751e8b465ee728b)  -> (artifact id: '274e25ea0b3a840af69919c9123eee19') in 0.096008 seconds 
  Import took 0.112865 seconds .

========================================================================
Received Import Request.
  Time since last request: 214.679190 seconds.
  path: Assets/Assets/Intro
  artifactKey: Guid(17fa3ccb269bbad41950d2391e9212b9) Importer(815301076,1909f56bfc062723c751e8b465ee728b)
Start importing Assets/Assets/Intro using Guid(17fa3ccb269bbad41950d2391e9212b9) Importer(815301076,1909f56bfc062723c751e8b465ee728b)  -> (artifact id: 'ab32f7c29f07eff4c095d46ee6dae43d') in 0.021183 seconds 
  Import took 0.038021 seconds .

========================================================================
Received Import Request.
  Time since last request: 112.359582 seconds.
  path: Assets/Assets/cristal2_animation.anim
  artifactKey: Guid(cda71cc3e5f2bc24d8e1ed72eb97a907) Importer(815301076,1909f56bfc062723c751e8b465ee728b)
Start importing Assets/Assets/cristal2_animation.anim using Guid(cda71cc3e5f2bc24d8e1ed72eb97a907) Importer(815301076,1909f56bfc062723c751e8b465ee728b)  -> (artifact id: '2b4b3af8a62cf1529bd1393e628e678c') in 0.078243 seconds 
  Import took 0.091800 seconds .

========================================================================
Received Import Request.
  Time since last request: 0.028074 seconds.
  path: Assets/Assets/cristal2_animation.anim
  artifactKey: Guid(cda71cc3e5f2bc24d8e1ed72eb97a907) Importer(815301076,1909f56bfc062723c751e8b465ee728b)
Start importing Assets/Assets/cristal2_animation.anim using Guid(cda71cc3e5f2bc24d8e1ed72eb97a907) Importer(815301076,1909f56bfc062723c751e8b465ee728b)  -> (artifact id: '2b4b3af8a62cf1529bd1393e628e678c') in 0.021679 seconds 
  Import took 0.042577 seconds .

========================================================================
Received Import Request.
  Time since last request: 64.531957 seconds.
  path: Assets/Scripts
  artifactKey: Guid(7be72904d41fc844eb77bdd00213679e) Importer(815301076,1909f56bfc062723c751e8b465ee728b)
Start importing Assets/Scripts using Guid(7be72904d41fc844eb77bdd00213679e) Importer(815301076,1909f56bfc062723c751e8b465ee728b)  -> (artifact id: 'fd5261178fa07387cfacb27947f83249') in 0.027017 seconds 
  Import took 0.036364 seconds .

========================================================================
Received Import Request.
  Time since last request: 3.018865 seconds.
  path: Assets/Statistics.cs
  artifactKey: Guid(2b59fe8c22dd4e24395df64f22fd2c17) Importer(815301076,1909f56bfc062723c751e8b465ee728b)
Start importing Assets/Statistics.cs using Guid(2b59fe8c22dd4e24395df64f22fd2c17) Importer(815301076,1909f56bfc062723c751e8b465ee728b)  -> (artifact id: 'bc6a42c6e0ab5101399f3e7d4ea63335') in 0.029919 seconds 
  Import took 0.041934 seconds .

========================================================================
Received Import Request.
  Time since last request: 0.288034 seconds.
  path: Assets/SoundWrong.cs
  artifactKey: Guid(6eaae35977193204b96963ca1b53feed) Importer(815301076,1909f56bfc062723c751e8b465ee728b)
Start importing Assets/SoundWrong.cs using Guid(6eaae35977193204b96963ca1b53feed) Importer(815301076,1909f56bfc062723c751e8b465ee728b)  -> (artifact id: '8d8d3a1412f0cc0ddce6f009ffc94cdc') in 0.022163 seconds 
  Import took 0.032335 seconds .

========================================================================
Received Import Request.
  Time since last request: 0.414016 seconds.
  path: Assets/SoundCorrect.cs
  artifactKey: Guid(b66e89437c4faae418645ca737799493) Importer(815301076,1909f56bfc062723c751e8b465ee728b)
Start importing Assets/SoundCorrect.cs using Guid(b66e89437c4faae418645ca737799493) Importer(815301076,1909f56bfc062723c751e8b465ee728b)  -> (artifact id: 'd8f80dfd383e8c960b04d1d6a44162b2') in 0.031380 seconds 
  Import took 0.041427 seconds .

========================================================================
Received Import Request.
  Time since last request: 0.001257 seconds.
  path: Assets/SoundCorrect.cs
  artifactKey: Guid(b66e89437c4faae418645ca737799493) Importer(815301076,1909f56bfc062723c751e8b465ee728b)
Start importing Assets/SoundCorrect.cs using Guid(b66e89437c4faae418645ca737799493) Importer(815301076,1909f56bfc062723c751e8b465ee728b)  -> (artifact id: 'd8f80dfd383e8c960b04d1d6a44162b2') in 0.009590 seconds 
  Import took 0.027108 seconds .

========================================================================
Received Import Request.
  Time since last request: 1.308218 seconds.
  path: Assets/Sound.cs
  artifactKey: Guid(65af0034eba4f4672bbceb277b75835e) Importer(815301076,1909f56bfc062723c751e8b465ee728b)
Start importing Assets/Sound.cs using Guid(65af0034eba4f4672bbceb277b75835e) Importer(815301076,1909f56bfc062723c751e8b465ee728b)  -> (artifact id: '11f1000b635e78637f7f3df34684180e') in 0.027214 seconds 
  Import took 0.039906 seconds .

========================================================================
Received Prepare
Registering precompiled user dll's ...
Registered in 0.030358 seconds.
Begin MonoManager ReloadAssembly
Native extension for WindowsStandalone target not found
Refreshing native plugins compatible for Editor in 2.21 ms, found 3 plugins.
Preloading 0 native plugins for Editor in 0.00 ms.
Mono: successfully reloaded assembly
- Completed reload, in  4.174 seconds
Domain Reload Profiling:
	ReloadAssembly (4197ms)
		BeginReloadAssembly (1353ms)
			ExecutionOrderSort (0ms)
			DisableScriptedObjects (122ms)
			BackupInstance (0ms)
			ReleaseScriptingObjects (0ms)
			CreateAndSetChildDomain (891ms)
		EndReloadAssembly (2667ms)
			LoadAssemblies (462ms)
			RebuildTransferFunctionScriptingTraits (0ms)
			SetupTypeCache (944ms)
			ReleaseScriptCaches (3ms)
			RebuildScriptCaches (119ms)
			SetupLoadedEditorAssemblies (834ms)
				LogAssemblyErrors (0ms)
				InitializePlatformSupportModulesInManaged (25ms)
				SetLoadedEditorAssemblies (4ms)
				RefreshPlugins (2ms)
				BeforeProcessingInitializeOnLoad (237ms)
				ProcessInitializeOnLoadAttributes (522ms)
				ProcessInitializeOnLoadMethodAttributes (38ms)
				AfterProcessingInitializeOnLoad (6ms)
				EditorAssembliesLoaded (0ms)
			ExecutionOrderSort2 (0ms)
			AwakeInstancesAfterBackupRestoration (27ms)
Platform modules already initialized, skipping
Refreshing native plugins compatible for Editor in 1.79 ms, found 3 plugins.
Preloading 0 native plugins for Editor in 0.00 ms.
Unloading 2181 Unused Serialized files (Serialized files now loaded: 0)
System memory in use before: 99.2 MB.
System memory in use after: 99.4 MB.

Unloading 17 unused Assets to reduce memory usage. Loaded Objects now: 2695.
Total: 25.810100 ms (FindLiveObjects: 2.306600 ms CreateObjectMapping: 0.313400 ms MarkObjects: 22.133100 ms  DeleteObjects: 1.053200 ms)

AssetImportParameters requested are different than current active one (requested -> active):
  custom:framework-win-MediaFoundation: 216162199b28c13a410421893ffa2e32 -> 
  custom:video-decoder-ogg-theora: a1e56fd34408186e4bbccfd4996cb3dc -> 
  custom:container-muxer-webm: aa71ff27fc2769a1b78a27578f13a17b -> 
  custom:container-demuxer-webm: 4f35f7cbe854078d1ac9338744f61a02 -> 
  custom:container-demuxer-ogg: 62fdf1f143b41e24485cea50d1cbac27 -> 
  custom:video-encoder-webm-vp8: eb34c28f22e8b96e1ab97ce403110664 -> 
  custom:video-decoder-webm-vp8: 9c59270c3fd7afecdb556c50c9e8de78 -> 
  custom:audio-decoder-ogg-vorbis: bf7c407c2cedff20999df2af8eb42d56 -> 
  custom:audio-encoder-webm-vorbis: bf7c407c2cedff20999df2af8eb42d56 -> 
========================================================================
Received Import Request.
  Time since last request: 514.305281 seconds.
  path: Assets/Assets/Intro/SpeachBubble.png
  artifactKey: Guid(aa64d53cccb6af54fb32e9b465d3b7d9) Importer(815301076,1909f56bfc062723c751e8b465ee728b)
Start importing Assets/Assets/Intro/SpeachBubble.png using Guid(aa64d53cccb6af54fb32e9b465d3b7d9) Importer(815301076,1909f56bfc062723c751e8b465ee728b)  -> (artifact id: '56fa53777c8aaf1e8b3fb3733a08e3d4') in 0.474057 seconds 
  Import took 0.569860 seconds .

========================================================================
Received Import Request.
  Time since last request: 182.656752 seconds.
  path: Assets/Assets/PauloIlPolpo.jpg
  artifactKey: Guid(3656a62f2d4935349bde0061a9b62bea) Importer(815301076,1909f56bfc062723c751e8b465ee728b)
Start importing Assets/Assets/PauloIlPolpo.jpg using Guid(3656a62f2d4935349bde0061a9b62bea) Importer(815301076,1909f56bfc062723c751e8b465ee728b)  -> (artifact id: '248bbbec4287f06fbd6c2a1e81b25ed6') in 0.083257 seconds 
  Import took 0.097457 seconds .

========================================================================
Received Import Request.
  Time since last request: 89.855950 seconds.
  path: Assets/Assets/PauloIlPolpo.png
  artifactKey: Guid(61acf7f9bb84d944cbc0d40e92f776e0) Importer(815301076,1909f56bfc062723c751e8b465ee728b)
Start importing Assets/Assets/PauloIlPolpo.png using Guid(61acf7f9bb84d944cbc0d40e92f776e0) Importer(815301076,1909f56bfc062723c751e8b465ee728b)  -> (artifact id: 'b71a023f726fe65b598c7427ee5f0c60') in 0.121858 seconds 
  Import took 0.140712 seconds .

========================================================================
Received Import Request.
  Time since last request: 527.762739 seconds.
  path: Assets/Assets/Intro/Welcome.png
  artifactKey: Guid(80f9aab41e76dc340bb017ca8e359364) Importer(815301076,1909f56bfc062723c751e8b465ee728b)
Start importing Assets/Assets/Intro/Welcome.png using Guid(80f9aab41e76dc340bb017ca8e359364) Importer(815301076,1909f56bfc062723c751e8b465ee728b)  -> (artifact id: '9ae1bbb5e3ed85270c4107e82210bc58') in 0.699818 seconds 
  Import took 1.055767 seconds .

========================================================================
Received Import Request.
  Time since last request: 173.727671 seconds.
  path: Assets/Assets/Intro/Welcome.png
  artifactKey: Guid(80f9aab41e76dc340bb017ca8e359364) Importer(815301076,1909f56bfc062723c751e8b465ee728b)
Start importing Assets/Assets/Intro/Welcome.png using Guid(80f9aab41e76dc340bb017ca8e359364) Importer(815301076,1909f56bfc062723c751e8b465ee728b)  -> (artifact id: '312c952c5aa5accafd125a02f2af709a') in 0.092389 seconds 
  Import took 0.112863 seconds .

========================================================================
Received Import Request.
  Time since last request: 158.184615 seconds.
  path: Assets/Assets/Intro/Balloon.png
  artifactKey: Guid(189743ce6d5611e48bbe6c67cf4dd580) Importer(815301076,1909f56bfc062723c751e8b465ee728b)
Start importing Assets/Assets/Intro/Balloon.png using Guid(189743ce6d5611e48bbe6c67cf4dd580) Importer(815301076,1909f56bfc062723c751e8b465ee728b)  -> (artifact id: '539e52a36b7dfde57e0f2ee817b2ece7') in 0.164319 seconds 
  Import took 0.180806 seconds .

========================================================================
Received Import Request.
  Time since last request: 366.112196 seconds.
  path: Assets/Assets/Intro/Stars.png
  artifactKey: Guid(8715d4716a6b60447865d5c1a9876ec2) Importer(815301076,1909f56bfc062723c751e8b465ee728b)
Start importing Assets/Assets/Intro/Stars.png using Guid(8715d4716a6b60447865d5c1a9876ec2) Importer(815301076,1909f56bfc062723c751e8b465ee728b)  -> (artifact id: '2b3cfb4ba00906d7f2c8580afbf703e3') in 0.412033 seconds 
  Import took 0.660383 seconds .

========================================================================
Received Import Request.
  Time since last request: 102.849440 seconds.
  path: Assets/Assets/Game GUI Vol1
  artifactKey: Guid(c567a0f16e7674269ac19ae3dedf9220) Importer(815301076,1909f56bfc062723c751e8b465ee728b)
Start importing Assets/Assets/Game GUI Vol1 using Guid(c567a0f16e7674269ac19ae3dedf9220) Importer(815301076,1909f56bfc062723c751e8b465ee728b)  -> (artifact id: 'dd5caf8a75307c73c9baf763333260f8') in 0.043852 seconds 
  Import took 0.059717 seconds .

